2025-11-25 10:47:19,522 - INFO - ============================================================
2025-11-25 10:47:19,523 - INFO - DÉMARRAGE DE L'IMPORT AUTOMATIQUE FVR
2025-11-25 10:47:19,523 - INFO - ============================================================
2025-11-25 10:47:19,523 - INFO - Récupération des posts Facebook avec Selenium...
2025-11-25 10:47:26,241 - INFO - Navigateur Selenium initialisé
2025-11-25 10:47:26,246 - INFO - Accès à https://www.facebook.com/MinSanteSN...
2025-11-25 10:47:35,687 - INFO - Scroll 1/15...
2025-11-25 10:47:38,045 - INFO - Scroll 2/15...
2025-11-25 10:47:40,551 - INFO - Scroll 3/15...
2025-11-25 10:47:43,246 - INFO - Scroll 4/15...
2025-11-25 10:47:46,132 - INFO - Scroll 5/15...
2025-11-25 10:47:49,086 - INFO - Scroll 6/15...
2025-11-25 10:47:51,568 - INFO - Scroll 7/15...
2025-11-25 10:47:54,357 - INFO - Scroll 8/15...
2025-11-25 10:47:57,126 - INFO - Scroll 9/15...
2025-11-25 10:47:59,995 - INFO - Scroll 10/15...
2025-11-25 10:48:03,122 - INFO - Scroll 11/15...
2025-11-25 10:48:05,469 - INFO - Scroll 12/15...
2025-11-25 10:48:08,077 - INFO - Scroll 13/15...
2025-11-25 10:48:10,827 - INFO - Scroll 14/15...
2025-11-25 10:48:13,990 - INFO - Scroll 15/15...
2025-11-25 10:48:13,992 - INFO - Trouvé 3 images dans les posts récents (après 15 scrolls)
2025-11-25 10:48:16,159 - INFO - 
--- Traitement de l'image 1/3 ---
2025-11-25 10:48:16,853 - INFO - Image téléchargée: fvr_downloads\communique_20251125_1.jpg
2025-11-25 10:48:18,672 - ERROR - Erreur lors de l'extraction OCR: (1, 'Error opening data file C:\\Program Files\\Tesseract-OCR/tessdata/fra.traineddata Please make sure the TESSDATA_PREFIX environment variable is set to your "tessdata" directory. Failed loading language \'fra\' Tesseract couldn\'t load any languages! Could not initialize tesseract.')
2025-11-25 10:48:18,687 - INFO - 
--- Traitement de l'image 2/3 ---
2025-11-25 10:48:18,958 - INFO - Image téléchargée: fvr_downloads\communique_20251125_2.jpg
2025-11-25 10:48:19,035 - ERROR - Erreur lors de l'extraction OCR: (1, 'Error opening data file C:\\Program Files\\Tesseract-OCR/tessdata/fra.traineddata Please make sure the TESSDATA_PREFIX environment variable is set to your "tessdata" directory. Failed loading language \'fra\' Tesseract couldn\'t load any languages! Could not initialize tesseract.')
2025-11-25 10:48:19,035 - INFO - 
--- Traitement de l'image 3/3 ---
2025-11-25 10:48:19,306 - INFO - Image téléchargée: fvr_downloads\communique_20251125_3.jpg
2025-11-25 10:48:19,352 - ERROR - Erreur lors de l'extraction OCR: (1, 'Error opening data file C:\\Program Files\\Tesseract-OCR/tessdata/fra.traineddata Please make sure the TESSDATA_PREFIX environment variable is set to your "tessdata" directory. Failed loading language \'fra\' Tesseract couldn\'t load any languages! Could not initialize tesseract.')
2025-11-25 10:48:19,354 - INFO - 
============================================================
2025-11-25 10:48:19,354 - INFO - FIN DE L'IMPORT AUTOMATIQUE FVR
2025-11-25 10:48:19,354 - INFO - ============================================================
2025-11-25 11:07:04,522 - INFO - ============================================================
2025-11-25 11:07:04,522 - INFO - DÉMARRAGE DE L'IMPORT AUTOMATIQUE FVR
2025-11-25 11:07:04,524 - INFO - ============================================================
2025-11-25 11:07:04,524 - INFO - Récupération des posts Facebook avec Selenium...
2025-11-25 11:07:05,690 - INFO - Navigateur Selenium initialisé
2025-11-25 11:07:05,691 - INFO - Accès à https://www.facebook.com/MinSanteSN...
2025-11-25 11:07:13,969 - INFO - Scroll 1/15...
2025-11-25 11:07:16,842 - INFO - Scroll 2/15...
2025-11-25 11:07:19,239 - INFO - Scroll 3/15...
2025-11-25 11:07:21,745 - INFO - Scroll 4/15...
2025-11-25 11:07:24,197 - INFO - Scroll 5/15...
2025-11-25 11:07:27,313 - INFO - Scroll 6/15...
2025-11-25 11:07:30,546 - INFO - Scroll 7/15...
2025-11-25 11:07:33,620 - INFO - Scroll 8/15...
2025-11-25 11:07:36,607 - INFO - Scroll 9/15...
2025-11-25 11:07:39,478 - INFO - Scroll 10/15...
2025-11-25 11:07:42,128 - INFO - Scroll 11/15...
2025-11-25 11:07:44,905 - INFO - Scroll 12/15...
2025-11-25 11:07:47,794 - INFO - Scroll 13/15...
2025-11-25 11:07:50,892 - INFO - Scroll 14/15...
2025-11-25 11:07:53,574 - INFO - Scroll 15/15...
2025-11-25 11:07:55,685 - INFO - 
--- Traitement de l'image 1/1 ---
2025-11-25 11:07:55,940 - INFO - Image téléchargée: fvr_downloads\communique_20251125_1.jpg
2025-11-25 11:07:56,384 - INFO - Texte extrait de communique_20251125_1.jpg: 0 caractères
2025-11-25 11:07:56,384 - INFO - 
============================================================
2025-11-25 11:07:56,384 - INFO - FIN DE L'IMPORT AUTOMATIQUE FVR
2025-11-25 11:07:56,386 - INFO - ============================================================
2025-11-25 11:30:26,335 - INFO - ============================================================
2025-11-25 11:30:26,335 - INFO - DÉMARRAGE DE L'IMPORT AUTOMATIQUE FVR
2025-11-25 11:30:26,338 - INFO - ============================================================
2025-11-25 11:30:26,338 - INFO - Récupération des posts Facebook avec Selenium...
2025-11-25 11:30:27,861 - INFO - Navigateur Selenium initialisé
2025-11-25 11:30:27,862 - INFO - Accès à https://www.facebook.com/MinSanteSN...
2025-11-25 11:30:35,254 - INFO - Scroll 1/15...
2025-11-25 11:30:37,638 - INFO - Scroll 2/15...
2025-11-25 11:30:40,872 - INFO - Scroll 3/15...
2025-11-25 11:30:43,616 - INFO - Scroll 4/15...
2025-11-25 11:30:46,102 - INFO - Scroll 5/15...
2025-11-25 11:30:49,092 - INFO - Scroll 6/15...
2025-11-25 11:30:51,836 - INFO - Scroll 7/15...
2025-11-25 11:30:54,890 - INFO - Scroll 8/15...
2025-11-25 11:30:57,798 - INFO - Scroll 9/15...
2025-11-25 11:31:00,575 - INFO - Scroll 10/15...
2025-11-25 11:31:02,999 - INFO - Scroll 11/15...
2025-11-25 11:31:05,669 - INFO - Scroll 12/15...
2025-11-25 11:31:08,067 - INFO - Scroll 13/15...
2025-11-25 11:31:11,121 - INFO - Scroll 14/15...
2025-11-25 11:31:13,710 - INFO - Scroll 15/15...
2025-11-25 11:31:15,820 - INFO - 
--- Traitement de l'image 1/1 ---
2025-11-25 11:31:16,135 - INFO - Image téléchargée: fvr_downloads\communique_20251125_1.jpg
2025-11-25 11:31:17,450 - INFO - Texte extrait de communique_20251125_1.jpg: 0 caractères
2025-11-25 11:31:17,453 - INFO - 
============================================================
2025-11-25 11:31:17,454 - INFO - FIN DE L'IMPORT AUTOMATIQUE FVR
2025-11-25 11:31:17,454 - INFO - ============================================================
2025-11-25 11:34:36,082 - INFO - ============================================================
2025-11-25 11:34:36,082 - INFO - DÉMARRAGE DE L'IMPORT AUTOMATIQUE FVR
2025-11-25 11:34:36,084 - INFO - ============================================================
2025-11-25 11:34:36,084 - INFO - Récupération des posts Facebook avec Selenium...
2025-11-25 11:34:37,274 - INFO - Navigateur Selenium initialisé
2025-11-25 11:34:37,276 - INFO - Accès à https://www.facebook.com/MinSanteSN...
2025-11-25 11:34:46,003 - INFO - Scroll 1/15...
2025-11-25 11:34:49,252 - INFO - Scroll 2/15...
2025-11-25 11:34:52,128 - INFO - Scroll 3/15...
2025-11-25 11:34:55,204 - INFO - Scroll 4/15...
2025-11-25 11:34:57,851 - INFO - Scroll 5/15...
2025-11-25 11:35:00,541 - INFO - Scroll 6/15...
2025-11-25 11:35:03,393 - INFO - Scroll 7/15...
2025-11-25 11:35:05,744 - INFO - Scroll 8/15...
2025-11-25 11:35:08,959 - INFO - Scroll 9/15...
2025-11-25 11:35:11,778 - INFO - Scroll 10/15...
2025-11-25 11:35:14,357 - INFO - Scroll 11/15...
2025-11-25 11:35:16,782 - INFO - Scroll 12/15...
2025-11-25 11:35:19,708 - INFO - Scroll 13/15...
2025-11-25 11:35:22,558 - INFO - Scroll 14/15...
2025-11-25 11:35:25,875 - INFO - Scroll 15/15...
2025-11-25 11:35:27,985 - INFO - 
--- Traitement de l'image 1/1 ---
2025-11-25 11:35:28,224 - INFO - Image téléchargée: fvr_downloads\communique_20251125_1.jpg
2025-11-25 11:35:28,564 - INFO - Texte extrait de communique_20251125_1.jpg: 0 caractères
2025-11-25 11:35:28,565 - INFO - 
============================================================
2025-11-25 11:35:28,565 - INFO - FIN DE L'IMPORT AUTOMATIQUE FVR
2025-11-25 11:35:28,565 - INFO - ============================================================
2025-11-25 11:45:57,118 - INFO - ============================================================
2025-11-25 11:45:57,118 - INFO - DÉMARRAGE DE L'IMPORT AUTOMATIQUE FVR
2025-11-25 11:45:57,119 - INFO - ============================================================
2025-11-25 11:45:57,119 - INFO - Récupération des posts Facebook avec Selenium...
2025-11-25 11:45:59,374 - INFO - Navigateur Selenium initialisé
2025-11-25 11:45:59,375 - INFO - Accès à https://www.facebook.com/MinSanteSN...
2025-11-25 11:46:05,928 - INFO - Trouvé 2 images dans les posts récents
2025-11-25 11:46:08,029 - INFO - 
--- Traitement de l'image 1/2 ---
2025-11-25 11:46:08,289 - INFO - Image téléchargée: fvr_downloads\communique_20251125_1.jpg
2025-11-25 11:46:08,607 - INFO - Texte extrait de communique_20251125_1.jpg: 0 caractères
2025-11-25 11:46:08,607 - INFO - 
--- Traitement de l'image 2/2 ---
2025-11-25 11:46:08,834 - INFO - Image téléchargée: fvr_downloads\communique_20251125_2.jpg
2025-11-25 11:46:09,323 - INFO - Texte extrait de communique_20251125_2.jpg: 256 caractères
2025-11-25 11:46:09,323 - INFO - Ce n'est pas un communiqué FVR
2025-11-25 11:46:09,323 - INFO - Ce post ne contient pas de données FVR exploitables
2025-11-25 11:46:09,324 - INFO - 
============================================================
2025-11-25 11:46:09,324 - INFO - FIN DE L'IMPORT AUTOMATIQUE FVR
2025-11-25 11:46:09,324 - INFO - ============================================================
